# JRE version: OpenJDK Runtime Environment (8.0_121-b13) (build 1.8.0_121-8u121-b13-0ubuntu1.16.04.2-b13)
# Java VM: OpenJDK 64-Bit Server VM (25.121-b13 mixed mode linux-amd64 compressed oops)
Heap:
 PSYoungGen      total 132096K, used 5119K [0x00000000d6d80000, 0x00000000df380000, 0x0000000100000000)
  eden space 126976K, 0% used [0x00000000d6d80000,0x00000000d6d80000,0x00000000de980000)
  from space 5120K, 99% used [0x00000000de980000,0x00000000dee7fc90,0x00000000dee80000)
  to   space 5120K, 0% used [0x00000000dee80000,0x00000000dee80000,0x00000000df380000)
 ParOldGen       total 62976K, used 15051K [0x0000000084800000, 0x0000000088580000, 0x00000000d6d80000)
  object space 62976K, 23% used [0x0000000084800000,0x00000000856b2d18,0x0000000088580000)
 Metaspace       used 24908K, capacity 25608K, committed 25728K, reserved 1071104K
  class space    used 2993K, capacity 3187K, committed 3200K, reserved 1048576K
GC Heap History (10 events):
Event: 0.643 GC heap after
Heap after GC invocations=1 (full 0):
 PSYoungGen      total 36864K, used 4519K [0x00000000d6d80000, 0x00000000db580000, 0x0000000100000000)
  eden space 31744K, 0% used [0x00000000d6d80000,0x00000000d6d80000,0x00000000d8c80000)
  from space 5120K, 88% used [0x00000000d8c80000,0x00000000d90e9c90,0x00000000d9180000)
  to   space 5120K, 0% used [0x00000000db080000,0x00000000db080000,0x00000000db580000)
 ParOldGen       total 84992K, used 8K [0x0000000084800000, 0x0000000089b00000, 0x00000000d6d80000)
  object space 84992K, 0% used [0x0000000084800000,0x0000000084802000,0x0000000089b00000)
 Metaspace       used 7700K, capacity 7804K, committed 7936K, reserved 1056768K
  class space    used 935K, capacity 984K, committed 1024K, reserved 1048576K
}
Event: 0.895 GC heap before
{Heap before GC invocations=2 (full 0):
 PSYoungGen      total 36864K, used 36263K [0x00000000d6d80000, 0x00000000db580000, 0x0000000100000000)
  eden space 31744K, 100% used [0x00000000d6d80000,0x00000000d8c80000,0x00000000d8c80000)
  from space 5120K, 88% used [0x00000000d8c80000,0x00000000d90e9c90,0x00000000d9180000)
  to   space 5120K, 0% used [0x00000000db080000,0x00000000db080000,0x00000000db580000)
 ParOldGen       total 84992K, used 8K [0x0000000084800000, 0x0000000089b00000, 0x00000000d6d80000)
  object space 84992K, 0% used [0x0000000084800000,0x0000000084802000,0x0000000089b00000)
 Metaspace       used 10985K, capacity 11170K, committed 11264K, reserved 1058816K
  class space    used 1341K, capacity 1443K, committed 1536K, reserved 1048576K
Event: 0.925 GC heap after
Heap after GC invocations=2 (full 0):
 PSYoungGen      total 68608K, used 5106K [0x00000000d6d80000, 0x00000000db580000, 0x0000000100000000)
  eden space 63488K, 0% used [0x00000000d6d80000,0x00000000d6d80000,0x00000000dab80000)
  from space 5120K, 99% used [0x00000000db080000,0x00000000db57cab0,0x00000000db580000)
  to   space 5120K, 0% used [0x00000000dab80000,0x00000000dab80000,0x00000000db080000)
 ParOldGen       total 84992K, used 1224K [0x0000000084800000, 0x0000000089b00000, 0x00000000d6d80000)
  object space 84992K, 1% used [0x0000000084800000,0x0000000084932270,0x0000000089b00000)
 Metaspace       used 10985K, capacity 11170K, committed 11264K, reserved 1058816K
  class space    used 1341K, capacity 1443K, committed 1536K, reserved 1048576K
}
Event: 1.816 GC heap before
{Heap before GC invocations=3 (full 0):
 PSYoungGen      total 68608K, used 68594K [0x00000000d6d80000, 0x00000000db580000, 0x0000000100000000)
  eden space 63488K, 100% used [0x00000000d6d80000,0x00000000dab80000,0x00000000dab80000)
  from space 5120K, 99% used [0x00000000db080000,0x00000000db57cab0,0x00000000db580000)
  to   space 5120K, 0% used [0x00000000dab80000,0x00000000dab80000,0x00000000db080000)
 ParOldGen       total 84992K, used 1224K [0x0000000084800000, 0x0000000089b00000, 0x00000000d6d80000)
  object space 84992K, 1% used [0x0000000084800000,0x0000000084932270,0x0000000089b00000)
 Metaspace       used 15435K, capacity 15826K, committed 16128K, reserved 1062912K
  class space    used 1845K, capacity 1955K, committed 2048K, reserved 1048576K
Event: 1.839 GC heap after
Heap after GC invocations=3 (full 0):
 PSYoungGen      total 68608K, used 5088K [0x00000000d6d80000, 0x00000000df380000, 0x0000000100000000)
  eden space 63488K, 0% used [0x00000000d6d80000,0x00000000d6d80000,0x00000000dab80000)
  from space 5120K, 99% used [0x00000000dab80000,0x00000000db078020,0x00000000db080000)
  to   space 5120K, 0% used [0x00000000dee80000,0x00000000dee80000,0x00000000df380000)
 ParOldGen       total 84992K, used 5901K [0x0000000084800000, 0x0000000089b00000, 0x00000000d6d80000)
  object space 84992K, 6% used [0x0000000084800000,0x0000000084dc35d0,0x0000000089b00000)
 Metaspace       used 15435K, capacity 15826K, committed 16128K, reserved 1062912K
  class space    used 1845K, capacity 1955K, committed 2048K, reserved 1048576K
}
Event: 11.468 GC heap before
{Heap before GC invocations=4 (full 0):
 PSYoungGen      total 68608K, used 67998K [0x00000000d6d80000, 0x00000000df380000, 0x0000000100000000)
  eden space 63488K, 99% used [0x00000000d6d80000,0x00000000daaefbc0,0x00000000dab80000)
  from space 5120K, 99% used [0x00000000dab80000,0x00000000db078020,0x00000000db080000)
  to   space 5120K, 0% used [0x00000000dee80000,0x00000000dee80000,0x00000000df380000)
 ParOldGen       total 84992K, used 5901K [0x0000000084800000, 0x0000000089b00000, 0x00000000d6d80000)
  object space 84992K, 6% used [0x0000000084800000,0x0000000084dc35d0,0x0000000089b00000)
 Metaspace       used 20727K, capacity 21148K, committed 21296K, reserved 1069056K
  class space    used 2482K, capacity 2644K, committed 2688K, reserved 1048576K
Event: 11.502 GC heap after
Heap after GC invocations=4 (full 0):
 PSYoungGen      total 132096K, used 5088K [0x00000000d6d80000, 0x00000000df380000, 0x0000000100000000)
  eden space 126976K, 0% used [0x00000000d6d80000,0x00000000d6d80000,0x00000000de980000)
  from space 5120K, 99% used [0x00000000dee80000,0x00000000df378020,0x00000000df380000)
  to   space 5120K, 0% used [0x00000000de980000,0x00000000de980000,0x00000000dee80000)
 ParOldGen       total 84992K, used 14126K [0x0000000084800000, 0x0000000089b00000, 0x00000000d6d80000)
  object space 84992K, 16% used [0x0000000084800000,0x00000000855cbad0,0x0000000089b00000)
 Metaspace       used 20727K, capacity 21148K, committed 21296K, reserved 1069056K
  class space    used 2482K, capacity 2644K, committed 2688K, reserved 1048576K
}
Event: 11.545 GC heap before
{Heap before GC invocations=5 (full 1):
 PSYoungGen      total 132096K, used 5088K [0x00000000d6d80000, 0x00000000df380000, 0x0000000100000000)
  eden space 126976K, 0% used [0x00000000d6d80000,0x00000000d6d80000,0x00000000de980000)
  from space 5120K, 99% used [0x00000000dee80000,0x00000000df378020,0x00000000df380000)
  to   space 5120K, 0% used [0x00000000de980000,0x00000000de980000,0x00000000dee80000)
 ParOldGen       total 84992K, used 14126K [0x0000000084800000, 0x0000000089b00000, 0x00000000d6d80000)
  object space 84992K, 16% used [0x0000000084800000,0x00000000855cbad0,0x0000000089b00000)
 Metaspace       used 20727K, capacity 21148K, committed 21296K, reserved 1069056K
  class space    used 2482K, capacity 2644K, committed 2688K, reserved 1048576K
Event: 11.699 GC heap after
Heap after GC invocations=5 (full 1):
 PSYoungGen      total 132096K, used 0K [0x00000000d6d80000, 0x00000000df380000, 0x0000000100000000)
  eden space 126976K, 0% used [0x00000000d6d80000,0x00000000d6d80000,0x00000000de980000)
  from space 5120K, 0% used [0x00000000dee80000,0x00000000dee80000,0x00000000df380000)
  to   space 5120K, 0% used [0x00000000de980000,0x00000000de980000,0x00000000dee80000)
 ParOldGen       total 62976K, used 14191K [0x0000000084800000, 0x0000000088580000, 0x00000000d6d80000)
  object space 62976K, 22% used [0x0000000084800000,0x00000000855dbf28,0x0000000088580000)
 Metaspace       used 20727K, capacity 21148K, committed 21296K, reserved 1069056K
  class space    used 2482K, capacity 2644K, committed 2688K, reserved 1048576K
}
Event: 126.032 GC heap before
{Heap before GC invocations=6 (full 1):
 PSYoungGen      total 132096K, used 90926K [0x00000000d6d80000, 0x00000000df380000, 0x0000000100000000)
  eden space 126976K, 71% used [0x00000000d6d80000,0x00000000dc64b8c8,0x00000000de980000)
  from space 5120K, 0% used [0x00000000dee80000,0x00000000dee80000,0x00000000df380000)
  to   space 5120K, 0% used [0x00000000de980000,0x00000000de980000,0x00000000dee80000)
 ParOldGen       total 62976K, used 14191K [0x0000000084800000, 0x0000000088580000, 0x00000000d6d80000)
  object space 62976K, 22% used [0x0000000084800000,0x00000000855dbf28,0x0000000088580000)
 Metaspace       used 24908K, capacity 25608K, committed 25728K, reserved 1071104K
  class space    used 2993K, capacity 3187K, committed 3200K, reserved 1048576K

